{
  "RSpec": {
    "coverage": {
      "/usr/local/vc/new/mdbm_dist_support/lib/mdbm_dist_support.rb": [
        1,
        1,
        null,
        1,
        null
      ],
      "/usr/local/vc/new/mdbm_dist_support/lib/mdbm_dist_support/distributer.rb": [
        1,
        1,
        1,
        1,
        1,
        1,
        1,
        null,
        1,
        null,
        1,
        1,
        1,
        null,
        null,
        null,
        1,
        null,
        1,
        0,
        0,
        null,
        null,
        1,
        0,
        0,
        null,
        0,
        0,
        null,
        0,
        0,
        null,
        null,
        1,
        0,
        0,
        null,
        0,
        null,
        null,
        1,
        null,
        1,
        0,
        0,
        0,
        0,
        0,
        null,
        0,
        0,
        0,
        null,
        0,
        null,
        null,
        0,
        null,
        0,
        0,
        null,
        null,
        1,
        0,
        0,
        0,
        0,
        null,
        null,
        null,
        1,
        0,
        null,
        null,
        1,
        0,
        0,
        0,
        null,
        null,
        null,
        1,
        0,
        null,
        null,
        1,
        0,
        0,
        0,
        0,
        null,
        null,
        null,
        null
      ],
      "/usr/local/vc/new/mdbm_dist_support/lib/mdbm_dist_support/custom_logger.rb": [
        1,
        null,
        1,
        null,
        1,
        1,
        1,
        1,
        null,
        null
      ],
      "/usr/local/vc/new/mdbm_dist_support/lib/mdbm_dist_support/meta.rb": [
        1,
        1,
        null,
        1,
        null,
        1,
        1,
        null,
        1,
        null,
        1,
        2,
        null,
        null,
        1,
        2,
        null,
        null,
        1,
        1,
        null,
        null,
        null
      ],
      "/usr/local/vc/new/mdbm_dist_support/lib/mdbm_dist_support/lock.rb": [
        1,
        null,
        1,
        null,
        1,
        1,
        null,
        1,
        null,
        1,
        3,
        null,
        null,
        1,
        3,
        2,
        null,
        1,
        1,
        null,
        null,
        null
      ],
      "/usr/local/vc/new/mdbm_dist_support/lib/mdbm_dist_support/validator.rb": [
        1,
        null,
        1,
        null,
        1,
        1,
        null,
        null,
        null,
        1,
        null,
        null,
        1,
        null,
        1,
        1,
        3,
        3,
        3,
        2,
        2,
        null,
        3,
        null,
        null,
        1,
        1,
        1,
        1,
        0,
        0,
        null,
        1,
        null,
        null,
        null,
        null
      ]
    },
    "timestamp": 1506588716
  }
}
